

2018-11-08 22:07:40,981 INFO: micblog startup [in /home/cui/flask_learn/v1/app/__init__.py:44]
2018-11-08 22:08:01,899 INFO: micblog startup [in /home/cui/flask_learn/v1/app/__init__.py:44]
2018-11-08 22:08:08,526 INFO: micblog startup [in /home/cui/flask_learn/v1/app/__init__.py:44]
2018-11-08 22:08:18,313 WARNING: /user<nickname<admin>> [in /home/cui/flask_learn/v1/app/views.py:126]
2018-11-08 22:08:19,716 WARNING: /user<nickname<admin>> [in /home/cui/flask_learn/v1/app/views.py:126]
2018-11-08 22:08:20,560 WARNING: /user<nickname<admin>> [in /home/cui/flask_learn/v1/app/views.py:126]
2018-11-08 22:08:20,862 WARNING: /user<nickname<admin>> [in /home/cui/flask_learn/v1/app/views.py:126]
2018-11-08 22:08:23,441 WARNING: /user<nickname<admin>> [in /home/cui/flask_learn/v1/app/views.py:126]
2018-11-08 22:42:21,989 INFO: micblog startup [in /home/cui/flask_learn/v1/app/__init__.py:44]
2018-11-08 22:42:41,909 INFO: micblog startup [in /home/cui/flask_learn/v1/app/__init__.py:44]
2018-11-08 22:42:55,390 INFO: micblog startup [in /home/cui/flask_learn/v1/app/__init__.py:44]
2018-11-08 22:43:13,466 INFO: micblog startup [in /home/cui/flask_learn/v1/app/__init__.py:44]
2018-11-08 22:46:14,985 INFO: micblog startup [in /home/cui/flask_learn/v1/app/__init__.py:44]
2018-11-08 22:51:05,455 INFO: micblog startup [in /home/cui/flask_learn/v1/app/__init__.py:44]
2018-11-08 22:51:43,534 INFO: micblog startup [in /home/cui/flask_learn/v1/app/__init__.py:44]
2018-11-08 23:15:19,210 INFO: micblog startup [in /home/cui/flask_learn/v1/app/__init__.py:44]
2018-11-08 23:16:04,377 INFO: micblog startup [in /home/cui/flask_learn/v1/app/__init__.py:44]
2018-11-08 23:16:21,363 INFO: micblog startup [in /home/cui/flask_learn/v1/app/__init__.py:44]
2018-11-08 23:17:46,923 INFO: micblog startup [in /home/cui/flask_learn/v1/app/__init__.py:44]
2018-11-08 23:18:53,559 INFO: micblog startup [in /home/cui/flask_learn/v1/app/__init__.py:44]
2018-11-08 23:19:45,778 INFO: micblog startup [in /home/cui/flask_learn/v1/app/__init__.py:44]
2018-11-09 18:59:10,885 INFO: micblog startup [in /home/cui/flask_learn/v1/app/__init__.py:44]
2018-11-09 19:00:41,323 WARNING: login get method [in /home/cui/flask_learn/v1/app/views.py:75]
2018-11-09 19:00:46,449 WARNING: login method post! [in /home/cui/flask_learn/v1/app/views.py:53]
2018-11-09 19:00:46,451 WARNING: username:<join>, password<11> [in /home/cui/flask_learn/v1/app/views.py:56]
2018-11-09 19:01:06,785 WARNING: login get method [in /home/cui/flask_learn/v1/app/views.py:75]
2018-11-09 19:01:18,347 WARNING: login method post! [in /home/cui/flask_learn/v1/app/views.py:53]
2018-11-09 19:01:18,348 WARNING: username:<john>, password<11> [in /home/cui/flask_learn/v1/app/views.py:56]
2018-11-09 19:01:18,352 WARNING: True [in /home/cui/flask_learn/v1/app/views.py:65]
2018-11-09 19:01:22,760 WARNING: /user<nickname<john>> [in /home/cui/flask_learn/v1/app/views.py:126]
2018-11-09 19:01:34,187 WARNING: index page method is <GET> [in /home/cui/flask_learn/v1/app/views.py:28]
2018-11-09 19:01:34,187 WARNING: cookie name <None> [in /home/cui/flask_learn/v1/app/views.py:29]
2018-11-09 19:01:34,187 WARNING: you are not logged in [in /home/cui/flask_learn/v1/app/views.py:36]
2018-11-09 19:01:34,254 WARNING: login get method [in /home/cui/flask_learn/v1/app/views.py:75]
2018-11-09 19:01:38,378 WARNING: /user<nickname<john>> [in /home/cui/flask_learn/v1/app/views.py:126]
2018-11-09 19:01:40,714 WARNING: /user<nickname<john>> [in /home/cui/flask_learn/v1/app/views.py:126]
2018-11-09 19:03:01,618 WARNING: /user<nickname<john>> [in /home/cui/flask_learn/v1/app/views.py:126]
2018-11-09 19:03:05,554 WARNING: /user<nickname<john>> [in /home/cui/flask_learn/v1/app/views.py:126]
2018-11-09 19:03:08,520 INFO: micblog startup [in /home/cui/flask_learn/v1/app/__init__.py:44]
2018-11-09 19:03:10,590 WARNING: /user<nickname<john>> [in /home/cui/flask_learn/v1/app/views.py:126]
2018-11-09 19:04:54,640 INFO: micblog startup [in /home/cui/flask_learn/v1/app/__init__.py:44]
2018-11-09 19:05:01,041 WARNING: /user<nickname<john>> [in /home/cui/flask_learn/v1/app/views.py:126]
2018-11-09 19:05:02,798 WARNING: /user<nickname<john>> [in /home/cui/flask_learn/v1/app/views.py:126]
2018-11-09 19:05:28,514 INFO: micblog startup [in /home/cui/flask_learn/v1/app/__init__.py:44]
2018-11-09 19:05:36,505 INFO: micblog startup [in /home/cui/flask_learn/v1/app/__init__.py:44]
2018-11-09 19:05:43,648 INFO: micblog startup [in /home/cui/flask_learn/v1/app/__init__.py:44]
2018-11-09 19:06:31,074 INFO: micblog startup [in /home/cui/flask_learn/v1/app/__init__.py:44]
2018-11-09 19:06:31,437 INFO: micblog startup [in /home/cui/flask_learn/v1/app/__init__.py:44]
2018-11-09 19:06:36,448 WARNING: /user<nickname<john>> [in /home/cui/flask_learn/v1/app/views.py:126]
2018-11-09 19:06:38,637 WARNING: /user<nickname<john>> [in /home/cui/flask_learn/v1/app/views.py:126]
2018-11-09 19:06:47,118 WARNING: /user<nickname<john>> [in /home/cui/flask_learn/v1/app/views.py:126]
2018-11-09 19:06:48,309 WARNING: /user<nickname<john>> [in /home/cui/flask_learn/v1/app/views.py:126]
2018-11-09 19:06:49,966 WARNING: /user<nickname<john>> [in /home/cui/flask_learn/v1/app/views.py:126]
2018-11-09 19:06:50,900 WARNING: /user<nickname<john>> [in /home/cui/flask_learn/v1/app/views.py:126]
2018-11-09 19:06:51,633 WARNING: /user<nickname<john>> [in /home/cui/flask_learn/v1/app/views.py:126]
2018-11-09 19:06:52,103 WARNING: /user<nickname<john>> [in /home/cui/flask_learn/v1/app/views.py:126]
2018-11-09 19:06:52,649 WARNING: /user<nickname<john>> [in /home/cui/flask_learn/v1/app/views.py:126]
2018-11-09 19:06:53,183 WARNING: /user<nickname<john>> [in /home/cui/flask_learn/v1/app/views.py:126]
2018-11-09 19:06:54,064 WARNING: /user<nickname<john>> [in /home/cui/flask_learn/v1/app/views.py:126]
2018-11-09 19:07:53,378 WARNING: /user<nickname<john>> [in /home/cui/flask_learn/v1/app/views.py:126]
2018-11-09 19:07:58,667 WARNING: /user<nickname<john>> [in /home/cui/flask_learn/v1/app/views.py:126]
2018-11-09 19:09:02,177 WARNING: request_loader url is http://localhost:9999/login, request args is ImmutableMultiDict([]) [in /home/cui/flask_learn/v1/app/views.py:93]
2018-11-09 19:09:02,178 WARNING: Authorization is None [in /home/cui/flask_learn/v1/app/views.py:95]
2018-11-09 19:09:02,178 WARNING: login get method [in /home/cui/flask_learn/v1/app/views.py:75]
